{
  "RSpec": {
    "coverage": {
      "/Users/ruezheng/turing/1module/projects/night_writer/lib/english_translator.rb": {
        "lines": [
          1,
          null,
          1,
          null,
          1,
          13,
          null,
          null,
          1,
          13,
          null,
          null,
          1,
          0,
          0,
          0,
          0,
          0,
          null,
          null,
          null,
          null,
          null,
          null,
          null,
          null,
          null,
          null,
          null,
          null,
          null,
          null,
          null,
          null,
          null,
          null,
          null,
          null,
          null,
          null,
          null,
          null,
          null,
          null,
          null,
          null,
          null,
          null,
          null,
          null,
          null,
          null,
          null,
          null,
          null,
          null,
          null,
          null,
          null,
          null,
          null,
          null,
          null,
          null,
          null,
          null,
          null,
          null,
          null,
          null,
          null,
          null,
          null,
          null,
          null,
          null,
          null,
          null,
          null,
          1,
          1,
          1,
          13,
          null,
          1,
          null,
          null,
          1,
          1,
          1,
          1,
          1,
          1,
          1,
          1,
          13,
          null,
          1,
          null,
          1,
          null,
          null,
          null,
          1,
          null,
          0,
          0,
          0,
          0,
          null,
          null
        ]
      },
      "/Users/ruezheng/turing/1module/projects/night_writer/lib/dictionary.rb": {
        "lines": [
          1,
          1,
          null,
          null,
          1,
          null,
          13,
          null,
          null,
          null,
          null,
          null,
          null,
          null,
          null,
          null,
          null,
          null,
          null,
          null,
          null,
          null,
          null,
          null,
          null,
          null,
          null,
          null,
          null,
          null,
          null,
          null,
          null,
          null,
          13,
          null,
          null
        ]
      }
    },
    "timestamp": 1651007947
  }
}
