{
  "RSpec": {
    "coverage": {
      "/Users/ruezheng/turing/1module/projects/night_writer/lib/braille_translator.rb": {
        "lines": [
          1,
          null,
          1,
          null,
          1,
          93,
          null,
          null,
          1,
          93,
          null,
          null,
          1,
          6,
          6,
          88,
          null,
          6,
          null,
          null,
          1,
          5,
          5,
          5,
          5,
          61,
          61,
          61,
          null,
          5,
          null,
          null,
          1,
          3,
          3,
          3,
          3,
          null,
          null
        ]
      },
      "/Users/ruezheng/turing/1module/projects/night_writer/lib/dictionary.rb": {
        "lines": [
          1,
          1,
          null,
          null,
          1,
          null,
          104,
          null,
          null,
          null,
          null,
          null,
          null,
          null,
          null,
          null,
          null,
          null,
          null,
          null,
          null,
          null,
          null,
          null,
          null,
          null,
          null,
          null,
          null,
          null,
          null,
          null,
          null,
          null,
          104,
          null,
          null
        ]
      },
      "/Users/ruezheng/turing/1module/projects/night_writer/spec/dictionary_spec.rb": {
        "lines": [
          1,
          1,
          1,
          null,
          1,
          4,
          null,
          1,
          1,
          null,
          null,
          1,
          1,
          1,
          1,
          1,
          1,
          1,
          null,
          null,
          null,
          1,
          1,
          1,
          1,
          1,
          1,
          1,
          null,
          null,
          null
        ]
      },
      "/Users/ruezheng/turing/1module/projects/night_writer/spec/english_translator_spec.rb": {
        "lines": [
          1,
          1,
          1,
          null,
          1,
          7,
          null,
          1,
          1,
          1,
          1,
          1,
          1,
          1,
          null,
          null,
          null,
          1,
          1,
          1,
          null,
          null,
          1,
          1,
          null,
          null,
          null,
          1,
          1,
          1,
          null,
          null,
          null,
          1,
          1,
          1,
          null,
          null,
          null,
          1,
          1,
          1,
          null,
          null,
          null,
          1,
          0,
          null,
          null,
          null
        ]
      },
      "/Users/ruezheng/turing/1module/projects/night_writer/lib/english_translator.rb": {
        "lines": [
          1,
          null,
          1,
          null,
          1,
          8,
          null,
          null,
          1,
          8,
          null,
          null,
          1,
          4,
          4,
          4,
          4,
          4,
          null,
          null,
          null,
          null,
          null,
          null,
          null,
          null,
          null,
          null,
          null,
          1,
          3,
          3,
          3,
          3,
          9,
          9,
          9,
          null,
          3,
          3,
          null,
          null,
          1,
          1,
          1,
          3,
          null,
          1,
          null,
          null,
          1,
          1,
          1,
          1,
          0,
          0,
          null,
          null
        ]
      }
    },
    "timestamp": 1650904437
  }
}
